\BOOKMARK [1][-]{section.1}{MNIST Classification Using CNN}{}% 1
\BOOKMARK [2][-]{subsection.1.1}{Model 1 - 1 Convolutional Layer}{section.1}% 2
\BOOKMARK [3][-]{subsubsection.1.1.1}{Detailed Architecture}{subsection.1.1}% 3
\BOOKMARK [3][-]{subsubsection.1.1.2}{Plot of Randomly Selected Test Images}{subsection.1.1}% 4
\BOOKMARK [2][-]{subsection.1.2}{Model 2 - 2 Convolutional Layer}{section.1}% 5
\BOOKMARK [3][-]{subsubsection.1.2.1}{Detailed Architecture}{subsection.1.2}% 6
\BOOKMARK [3][-]{subsubsection.1.2.2}{Plot of Randomly Selected Test Images}{subsection.1.2}% 7
\BOOKMARK [2][-]{subsection.1.3}{Model 3 - 2 Convolutional Layer + 1 hidden fully connected layer }{section.1}% 8
\BOOKMARK [3][-]{subsubsection.1.3.1}{Detailed Architecture}{subsection.1.3}% 9
\BOOKMARK [3][-]{subsubsection.1.3.2}{Plot of Randomly Selected Test Images}{subsection.1.3}% 10
\BOOKMARK [2][-]{subsection.1.4}{Comparison of the three models}{section.1}% 11
\BOOKMARK [3][-]{subsubsection.1.4.1}{Training Loss Plot}{subsection.1.4}% 12
\BOOKMARK [3][-]{subsubsection.1.4.2}{Validation Loss Plot}{subsection.1.4}% 13
\BOOKMARK [3][-]{subsubsection.1.4.3}{Test Accuracy}{subsection.1.4}% 14
\BOOKMARK [1][-]{section.2}{Generating Adversarial Examples}{}% 15
\BOOKMARK [2][-]{subsection.2.1}{Learning Curves}{section.2}% 16
\BOOKMARK [3][-]{subsubsection.2.1.1}{Plot of Training Loss for all 10 classes}{subsection.2.1}% 17
\BOOKMARK [3][-]{subsubsection.2.1.2}{Plot of Validation Loss for all 10 classes}{subsection.2.1}% 18
\BOOKMARK [3][-]{subsubsection.2.1.3}{Plot of Test Accuracy for all 10 classes}{subsection.2.1}% 19
\BOOKMARK [2][-]{subsection.2.2}{Plot of All Noise Patterns}{section.2}% 20
\BOOKMARK [2][-]{subsection.2.3}{Examples Showing Misclassification Due to Addition of Noise}{section.2}% 21
\BOOKMARK [3][-]{subsubsection.2.3.1}{Misclassification with Class 0 Noise}{subsection.2.3}% 22
\BOOKMARK [3][-]{subsubsection.2.3.2}{Misclassification with Class 1 Noise}{subsection.2.3}% 23
\BOOKMARK [3][-]{subsubsection.2.3.3}{Misclassification with Class 2 Noise}{subsection.2.3}% 24
\BOOKMARK [3][-]{subsubsection.2.3.4}{Misclassification with Class 3 Noise}{subsection.2.3}% 25
\BOOKMARK [3][-]{subsubsection.2.3.5}{Misclassification with Class 4 Noise}{subsection.2.3}% 26
\BOOKMARK [3][-]{subsubsection.2.3.6}{Misclassification with Class 5 Noise}{subsection.2.3}% 27
\BOOKMARK [3][-]{subsubsection.2.3.7}{Misclassification with Class 6 Noise}{subsection.2.3}% 28
\BOOKMARK [3][-]{subsubsection.2.3.8}{Misclassification with Class 7 Noise}{subsection.2.3}% 29
\BOOKMARK [3][-]{subsubsection.2.3.9}{Misclassification with Class 8 Noise}{subsection.2.3}% 30
\BOOKMARK [3][-]{subsubsection.2.3.10}{Misclassification with Class 9 Noise}{subsection.2.3}% 31
\BOOKMARK [1][-]{section.3}{Visualizing the CNN}{}% 32
\BOOKMARK [2][-]{subsection.3.1}{Plot of xinit for 10 Output Neurons}{section.3}% 33
\BOOKMARK [2][-]{subsection.3.2}{Plot of xinit for 10 Feature Maps after 2nd Max Pooling}{section.3}% 34
